<?xml version="1.0" encoding="UTF-8"?>
<testsuite name="edu.pdx.cs410j.moes.ExampleUnitTest" tests="1" skipped="0" failures="0" errors="0" timestamp="2022-08-03T22:08:14" hostname="DESKTOPNATHANM" time="0.003">
  <properties/>
  <testcase name="addition_isCorrect" classname="edu.pdx.cs410j.moes.ExampleUnitTest" time="0.003"/>
  <system-out><![CDATA[]]></system-out>
  <system-err><![CDATA[]]></system-err>
</testsuite>
